<?xml version="1.0" encoding="UTF-8"?>
<!-- Generated by org.testng.reporters.JUnitReportReporter -->
<testsuite skipped="0" hostname="DESKTOP-PPQOM06" name="tests.AdactinHomePageTest" tests="1" failures="0" timestamp="06 Jun 2019 17:50:27 GMT" time="2.930" errors="0">
  <testcase name="adactinHomeTest" time="2.930" classname="tests.AdactinHomePageTest"/>
</testsuite> <!-- tests.AdactinHomePageTest -->
